
Xvnc TigerVNC 1.8.0 - built May 16 2017 14:01:59
Copyright (C) 1999-2017 TigerVNC Team and many others (see README.txt)
See http://www.tigervnc.org for information on TigerVNC.
Underlying X server release 11400000, The X.Org Foundation

Initializing built-in extension VNC-EXTENSION
Initializing built-in extension Generic Event Extension
Initializing built-in extension SHAPE
Initializing built-in extension MIT-SHM
Initializing built-in extension XInputExtension
Initializing built-in extension XTEST
Initializing built-in extension BIG-REQUESTS
Initializing built-in extension SYNC
Initializing built-in extension XKEYBOARD
Initializing built-in extension XC-MISC
Initializing built-in extension XINERAMA
Initializing built-in extension XFIXES
Initializing built-in extension RENDER
Initializing built-in extension RANDR
Initializing built-in extension COMPOSITE
Initializing built-in extension DAMAGE
Initializing built-in extension MIT-SCREEN-SAVER
Initializing built-in extension DOUBLE-BUFFER
Initializing built-in extension RECORD
Initializing built-in extension DPMS
Initializing built-in extension X-Resource
Initializing built-in extension XVideo
Initializing built-in extension XVideo-MotionCompensation
Initializing built-in extension GLX

Tue Sep  1 09:42:57 2020
 vncext:      VNC extension running!
 vncext:      Listening for VNC connections on all interface(s), port 5902
 vncext:      created VNC server for screen 0
/usr/bin/startxfce4: X server already running on display :2
gpg-agent[9463]: WARNING: "--write-env-file" is an obsolete option - it has no effect
gpg-agent[9463]: directory '/home/ccc_v1_w_MjI1_102044/asn218237_4/asn218238_1/work/.gnupg' created
gpg-agent[9463]: directory '/home/ccc_v1_w_MjI1_102044/asn218237_4/asn218238_1/work/.gnupg/private-keys-v1.d' created
gpg-agent[9464]: gpg-agent (GnuPG) 2.1.11 started

(xfce4-session:9450): xfce4-session-WARNING **: gpg-agent returned no PID in the variables

(xfce4-session:9450): xfce4-session-WARNING **: xfsm_manager_load_session: Something wrong with /home/ccc_v1_w_MjI1_102044/asn218237_4/asn218238_1/work/.cache/sessions/xfce4-session-ip-172-31-20-71:2, Does it exist? Permissions issue?

(xfwm4:9466): xfwm4-WARNING **: Error opening /dev/dri/card0: No such file or directory

Tue Sep  1 09:43:04 2020
 Connections: accepted: 172.31.20.71::44782
 SConnection: Client needs protocol version 3.8
 SConnection: Client requests security type None(1)
 VNCSConnST:  Server default pixel format depth 24 (32bpp) little-endian rgb888
 VNCSConnST:  Client pixel format depth 24 (32bpp) little-endian rgb888
 ComparingUpdateTracker: 0 pixels in / 0 pixels out
 ComparingUpdateTracker: (1:-nan ratio)

** (xfdesktop:9474): CRITICAL **: xfce_backdrop_loader_closed_cb: assertion 'XFCE_IS_BACKDROP(backdrop)' failed

Tue Sep  1 09:47:55 2020
 Connections: closed: 172.31.20.71::44782 (Clean disconnection)
 EncodeManager: Framebuffer updates: 317
 EncodeManager:   CopyRect:
 EncodeManager:     Copies: 1 rects, 105.408 kpixels
 EncodeManager:             16 B (1:26352.8 ratio)
 EncodeManager:   Tight:
 EncodeManager:     Solid: 497 rects, 5.78064 Mpixels
 EncodeManager:            7.76562 KiB (1:2908.52 ratio)
 EncodeManager:     Bitmap RLE: 61 rects, 19.421 kpixels
 EncodeManager:                 1.87109 KiB (1:40.9269 ratio)
 EncodeManager:     Indexed RLE: 284 rects, 792.641 kpixels
 EncodeManager:                  55.0938 KiB (1:56.2601 ratio)
 EncodeManager:   Tight (JPEG):
 EncodeManager:     Full Colour: 516 rects, 4.52253 Mpixels
 EncodeManager:                  1.68778 MiB (1:10.2253 ratio)
 EncodeManager:   Total: 1.359 krects, 11.2206 Mpixels
 EncodeManager:          1.75101 MiB (1:24.4538 ratio)
 ComparingUpdateTracker: 190.123 Mpixels in / 10.9648 Mpixels out
 ComparingUpdateTracker: (1:17.3394 ratio)
